{"created": 1723080595.520203, "duration": 2.012187957763672, "exitcode": 1, "root": "/Users/xuyunlong/Desktop/TDengine/packaging/smokeTest", "environment": {}, "summary": {"skipped": 5, "failed": 2, "total": 7, "collected": 7}, "collectors": [{"nodeid": "", "outcome": "passed", "result": [{"nodeid": ".", "type": "Dir"}]}, {"nodeid": "assets", "outcome": "passed", "result": []}, {"nodeid": "test_server_linux.py::TestServerLinux", "outcome": "passed", "result": [{"nodeid": "test_server_linux.py::TestServerLinux::test_execute_cases[# army,python3 ./test.py -f query/query_basic.py -N 3]", "type": "Function", "lineno": 39}, {"nodeid": "test_server_linux.py::TestServerLinux::test_execute_cases[# system-test,python3 ./test.py -f 1-insert/insert_column_value.py]", "type": "Function", "lineno": 39}, {"nodeid": "test_server_linux.py::TestServerLinux::test_execute_cases[# system-test,python3 ./test.py -f 2-query/primary_ts_base_5.py]", "type": "Function", "lineno": 39}, {"nodeid": "test_server_linux.py::TestServerLinux::test_execute_cases[# system-test,python3 ./test.py -f 2-query/case_when.py]", "type": "Function", "lineno": 39}, {"nodeid": "test_server_linux.py::TestServerLinux::test_execute_cases[# system-test,python3 ./test.py -f 2-query/partition_limit_interval.py]", "type": "Function", "lineno": 39}, {"nodeid": "test_server_linux.py::TestServerLinux::test_execute_cases[system-test,python3 ./test.py -f 2-query/join.py]", "type": "Function", "lineno": 39}, {"nodeid": "test_server_linux.py::TestServerLinux::test_execute_cases[system-test,python3 ./test.py -f 2-query/fill.py]", "type": "Function", "lineno": 39}]}, {"nodeid": "test_server_linux.py", "outcome": "passed", "result": [{"nodeid": "test_server_linux.py::TestServerLinux", "type": "Class"}]}, {"nodeid": "test_server_linux.txt", "outcome": "passed", "result": []}, {"nodeid": ".", "outcome": "passed", "result": [{"nodeid": "assets", "type": "Dir"}, {"nodeid": "test_server_linux.py", "type": "Module"}, {"nodeid": "test_server_linux.txt", "type": "DoctestTextfile"}]}], "tests": [{"nodeid": "test_server_linux.py::TestServerLinux::test_execute_cases[# army,python3 ./test.py -f query/query_basic.py -N 3]", "lineno": 39, "outcome": "skipped", "keywords": ["test_execute_cases[# army,python3 ./test.py -f query/query_basic.py -N 3]", "# army,python3 ./test.py -f query/query_basic.py -N 3", "TestServerLinux", "test_server_linux.py", "smokeTest", ""], "setup": {"duration": 0.05975488299999998, "outcome": "skipped", "stdout": "\nSetup for module\n", "longrepr": "('/Users/xuyunlong/Desktop/TDengine/packaging/smokeTest/test_server_linux.py', 40, 'Skipped: This case has been marked as skipped')"}, "teardown": {"duration": 0.00022802599999993678, "outcome": "passed"}}, {"nodeid": "test_server_linux.py::TestServerLinux::test_execute_cases[# system-test,python3 ./test.py -f 1-insert/insert_column_value.py]", "lineno": 39, "outcome": "skipped", "keywords": ["test_execute_cases[# system-test,python3 ./test.py -f 1-insert/insert_column_value.py]", "# system-test,python3 ./test.py -f 1-insert/insert_column_value.py", "TestServerLinux", "test_server_linux.py", "smokeTest", ""], "setup": {"duration": 0.00027490599999990817, "outcome": "skipped", "longrepr": "('/Users/xuyunlong/Desktop/TDengine/packaging/smokeTest/test_server_linux.py', 40, 'Skipped: This case has been marked as skipped')"}, "teardown": {"duration": 0.00019429399999992825, "outcome": "passed"}}, {"nodeid": "test_server_linux.py::TestServerLinux::test_execute_cases[# system-test,python3 ./test.py -f 2-query/primary_ts_base_5.py]", "lineno": 39, "outcome": "skipped", "keywords": ["test_execute_cases[# system-test,python3 ./test.py -f 2-query/primary_ts_base_5.py]", "# system-test,python3 ./test.py -f 2-query/primary_ts_base_5.py", "TestServerLinux", "test_server_linux.py", "smokeTest", ""], "setup": {"duration": 0.0002730969999999999, "outcome": "skipped", "longrepr": "('/Users/xuyunlong/Desktop/TDengine/packaging/smokeTest/test_server_linux.py', 40, 'Skipped: This case has been marked as skipped')"}, "teardown": {"duration": 0.00018638999999998074, "outcome": "passed"}}, {"nodeid": "test_server_linux.py::TestServerLinux::test_execute_cases[# system-test,python3 ./test.py -f 2-query/case_when.py]", "lineno": 39, "outcome": "skipped", "keywords": ["test_execute_cases[# system-test,python3 ./test.py -f 2-query/case_when.py]", "# system-test,python3 ./test.py -f 2-query/case_when.py", "TestServerLinux", "test_server_linux.py", "smokeTest", ""], "setup": {"duration": 0.0002633869999999483, "outcome": "skipped", "longrepr": "('/Users/xuyunlong/Desktop/TDengine/packaging/smokeTest/test_server_linux.py', 40, 'Skipped: This case has been marked as skipped')"}, "teardown": {"duration": 0.00019952300000003476, "outcome": "passed"}}, {"nodeid": "test_server_linux.py::TestServerLinux::test_execute_cases[# system-test,python3 ./test.py -f 2-query/partition_limit_interval.py]", "lineno": 39, "outcome": "skipped", "keywords": ["test_execute_cases[# system-test,python3 ./test.py -f 2-query/partition_limit_interval.py]", "# system-test,python3 ./test.py -f 2-query/partition_limit_interval.py", "TestServerLinux", "test_server_linux.py", "smokeTest", ""], "setup": {"duration": 0.00027831499999997344, "outcome": "skipped", "longrepr": "('/Users/xuyunlong/Desktop/TDengine/packaging/smokeTest/test_server_linux.py', 40, 'Skipped: This case has been marked as skipped')"}, "teardown": {"duration": 0.000218056000000022, "outcome": "passed"}}, {"nodeid": "test_server_linux.py::TestServerLinux::test_execute_cases[system-test,python3 ./test.py -f 2-query/join.py]", "lineno": 39, "outcome": "failed", "keywords": ["test_execute_cases[system-test,python3 ./test.py -f 2-query/join.py]", "system-test,python3 ./test.py -f 2-query/join.py", "TestServerLinux", "test_server_linux.py", "smokeTest", ""], "setup": {"duration": 1.211693404, "outcome": "passed", "stdout": "cd /Users/xuyunlong/Desktop/TDengine/packaging/smokeTest/../../tests/system-test&&sudo python3 ./test.py -f 2-query/join.py\n"}, "call": {"duration": 0.0012252780000001628, "outcome": "failed", "crash": {"path": "/Users/xuyunlong/Desktop/TDengine/packaging/smokeTest/test_server_linux.py", "lineno": 56, "message": "AssertionError: Command 'python3 ./test.py -f 2-query/join.py' failed with return code 1\nassert 1 == 0"}, "traceback": [{"path": "test_server_linux.py", "lineno": 56, "message": "AssertionError"}], "stdout": "Running command: python3 ./test.py -f 2-query/join.py\nSTDOUT: \nSTDERR: sudo: 3 incorrect password attempts\n\nReturn Code: 1\n", "longrepr": "self = <test_server_linux.TestServerLinux object at 0x10a102df0>, setup_module = None\nrun_command = {'command': 'python3 ./test.py -f 2-query/join.py', 'returncode': 1, 'stderr': 'sudo: 3 incorrect password attempts\\n', 'stdout': ''}\n\n    def test_execute_cases(self, setup_module, run_command):\n        # assert the result\n        if run_command['returncode'] != 0:\n            print(f\"Running command: {run_command['command']}\")\n            print(\"STDOUT:\", run_command['stdout'])\n            print(\"STDERR:\", run_command['stderr'])\n            print(\"Return Code:\", run_command['returncode'])\n        else:\n            print(f\"Running command: {run_command['command']}\")\n            if len(run_command['stdout']) > 1000:\n                print(\"STDOUT:\", run_command['stdout'][:1000] + \"...\")\n            else:\n                print(\"STDOUT:\", run_command['stdout'])\n            print(\"STDERR:\", run_command['stderr'])\n            print(\"Return Code:\", run_command['returncode'])\n    \n>       assert run_command[\n                   'returncode'] == 0, f\"Command '{run_command['command']}' failed with return code {run_command['returncode']}\"\nE       AssertionError: Command 'python3 ./test.py -f 2-query/join.py' failed with return code 1\nE       assert 1 == 0\n\ntest_server_linux.py:56: AssertionError"}, "teardown": {"duration": 0.0002740450000002781, "outcome": "passed"}}, {"nodeid": "test_server_linux.py::TestServerLinux::test_execute_cases[system-test,python3 ./test.py -f 2-query/fill.py]", "lineno": 39, "outcome": "failed", "keywords": ["test_execute_cases[system-test,python3 ./test.py -f 2-query/fill.py]", "system-test,python3 ./test.py -f 2-query/fill.py", "TestServerLinux", "test_server_linux.py", "smokeTest", ""], "setup": {"duration": 0.6306914159999999, "outcome": "passed", "stdout": "cd /Users/xuyunlong/Desktop/TDengine/packaging/smokeTest/../../tests/system-test&&sudo python3 ./test.py -f 2-query/fill.py\n"}, "call": {"duration": 0.0012161489999997777, "outcome": "failed", "crash": {"path": "/Users/xuyunlong/Desktop/TDengine/packaging/smokeTest/test_server_linux.py", "lineno": 56, "message": "AssertionError: Command 'python3 ./test.py -f 2-query/fill.py' failed with return code 1\nassert 1 == 0"}, "traceback": [{"path": "test_server_linux.py", "lineno": 56, "message": "AssertionError"}], "stdout": "Running command: python3 ./test.py -f 2-query/fill.py\nSTDOUT: \nSTDERR: sudo: 3 incorrect password attempts\n\nReturn Code: 1\n", "longrepr": "self = <test_server_linux.TestServerLinux object at 0x10a102f70>, setup_module = None\nrun_command = {'command': 'python3 ./test.py -f 2-query/fill.py', 'returncode': 1, 'stderr': 'sudo: 3 incorrect password attempts\\n', 'stdout': ''}\n\n    def test_execute_cases(self, setup_module, run_command):\n        # assert the result\n        if run_command['returncode'] != 0:\n            print(f\"Running command: {run_command['command']}\")\n            print(\"STDOUT:\", run_command['stdout'])\n            print(\"STDERR:\", run_command['stderr'])\n            print(\"Return Code:\", run_command['returncode'])\n        else:\n            print(f\"Running command: {run_command['command']}\")\n            if len(run_command['stdout']) > 1000:\n                print(\"STDOUT:\", run_command['stdout'][:1000] + \"...\")\n            else:\n                print(\"STDOUT:\", run_command['stdout'])\n            print(\"STDERR:\", run_command['stderr'])\n            print(\"Return Code:\", run_command['returncode'])\n    \n>       assert run_command[\n                   'returncode'] == 0, f\"Command '{run_command['command']}' failed with return code {run_command['returncode']}\"\nE       AssertionError: Command 'python3 ./test.py -f 2-query/fill.py' failed with return code 1\nE       assert 1 == 0\n\ntest_server_linux.py:56: AssertionError"}, "teardown": {"duration": 0.00040336700000009884, "outcome": "passed", "stdout": "\nTeardown for module\n"}}]}